Using pre-set license
Built from '2021.1/staging' branch; Version is '2021.1.6f1 (c0fade0cc7e9) revision 12647134'; Using compiler version '192528614'; Build Type 'Release'
OS: 'Windows 10 Education; OS build 19044.1766; Version 2009; 64bit' Language: 'ko' Physical Memory: 16310 MB
BatchMode: 1, IsHumanControllingUs: 0, StartBugReporterOnCrash: 0, Is64bit: 1, IsPro: 0

 COMMAND LINE ARGUMENTS:
C:\Program Files\Unity\2021.1.6f1\Editor\Unity.exe
-adb2
-batchMode
-noUpm
-name
AssetImportWorker1
-projectPath
C:/Unity/Hell_Square_3D/Hell Square 3D/Hell Square 3D
-logFile
Logs/AssetImportWorker1.log
-srvPort
12952
Successfully changed project path to: C:/Unity/Hell_Square_3D/Hell Square 3D/Hell Square 3D
C:/Unity/Hell_Square_3D/Hell Square 3D/Hell Square 3D
Using Asset Import Pipeline V2.
Refreshing native plugins compatible for Editor in 114.26 ms, found 1 plugins.
Preloading 0 native plugins for Editor in 0.00 ms.
Initialize engine version: 2021.1.6f1 (c0fade0cc7e9)
[Subsystems] Discovering subsystems at path C:/Program Files/Unity/2021.1.6f1/Editor/Data/Resources/UnitySubsystems
[Subsystems] Discovering subsystems at path C:/Unity/Hell_Square_3D/Hell Square 3D/Hell Square 3D/Assets
GfxDevice: creating device client; threaded=0; jobified=0
Direct3D:
    Version:  Direct3D 11.0 [level 11.1]
    Renderer: NVIDIA GeForce GTX 1080 (ID=0x1b80)
    Vendor:   NVIDIA
    VRAM:     8079 MB
    Driver:   31.0.15.1640
Initialize mono
Mono path[0] = 'C:/Program Files/Unity/2021.1.6f1/Editor/Data/Managed'
Mono path[1] = 'C:/Program Files/Unity/2021.1.6f1/Editor/Data/MonoBleedingEdge/lib/mono/unityjit'
Mono config path = 'C:/Program Files/Unity/2021.1.6f1/Editor/Data/MonoBleedingEdge/etc'
Using monoOptions --debugger-agent=transport=dt_socket,embedding=1,server=y,suspend=n,address=127.0.0.1:56624
Begin MonoManager ReloadAssembly
Registering precompiled unity dll's ...
Register platform support module: C:/Program Files/Unity/2021.1.6f1/Editor/Data/PlaybackEngines/WindowsStandaloneSupport/UnityEditor.WindowsStandalone.Extensions.dll
Registered in 0.006556 seconds.
Native extension for WindowsStandalone target not found
Refreshing native plugins compatible for Editor in 100.04 ms, found 1 plugins.
Preloading 0 native plugins for Editor in 0.00 ms.
Mono: successfully reloaded assembly
- Completed reload, in  8.263 seconds
Platform modules already initialized, skipping
Registering precompiled user dll's ...
Registered in 0.006650 seconds.
Begin MonoManager ReloadAssembly
Native extension for WindowsStandalone target not found
Refreshing native plugins compatible for Editor in 0.60 ms, found 1 plugins.
Preloading 0 native plugins for Editor in 0.00 ms.
Mono: successfully reloaded assembly
- Completed reload, in  1.623 seconds
Platform modules already initialized, skipping
========================================================================
Worker process is ready to serve import requests
Launched and connected shader compiler UnityShaderCompiler.exe after 0.11 seconds
Refreshing native plugins compatible for Editor in 1.15 ms, found 1 plugins.
Preloading 0 native plugins for Editor in 0.00 ms.
Unloading 2712 Unused Serialized files (Serialized files now loaded: 0)
System memory in use before: 104.0 MB.
System memory in use after: 104.1 MB.

Unloading 15 unused Assets to reduce memory usage. Loaded Objects now: 3165.
Total: 4.304300 ms (FindLiveObjects: 0.401100 ms CreateObjectMapping: 0.163300 ms MarkObjects: 3.617100 ms  DeleteObjects: 0.120900 ms)

========================================================================
Received Import Request.
  path: Assets/Scripts/Missile.cs
  artifactKey: Guid(0c1ae74bf3be62348afeb592b84795c5) Importer(815301076,1909f56bfc062723c751e8b465ee728b)
Start importing Assets/Scripts/Missile.cs using Guid(0c1ae74bf3be62348afeb592b84795c5) Importer(815301076,1909f56bfc062723c751e8b465ee728b)  -> (artifact id: 'e4ab63f6eea86f637286cf8aeeadac3d') in 0.202143 seconds 
========================================================================
Received Import Request.
  Time since last request: 2173.184482 seconds.
  path: ProjectSettings/TagManager.asset
  artifactKey: Guid(00000000000000003000000000000000) Importer(815301076,1909f56bfc062723c751e8b465ee728b)
Start importing ProjectSettings/TagManager.asset using Guid(00000000000000003000000000000000) Importer(815301076,1909f56bfc062723c751e8b465ee728b)  -> (artifact id: '938e45d4fc06263cddfaa1353bc508d2') in 0.041729 seconds 
========================================================================
Received Import Request.
  Time since last request: 46.404937 seconds.
  path: Assets/Prefab/Missile.prefab
  artifactKey: Guid(fb8c4a61e65454344918e2360843dd0c) Importer(815301076,1909f56bfc062723c751e8b465ee728b)
Start importing Assets/Prefab/Missile.prefab using Guid(fb8c4a61e65454344918e2360843dd0c) Importer(815301076,1909f56bfc062723c751e8b465ee728b)  -> (artifact id: 'bf40c781b01046652361bfe13b01214c') in 0.151213 seconds 
========================================================================
Received Import Request.
  Time since last request: 3.075217 seconds.
  path: Assets/Prefab/Missile.prefab
  artifactKey: Guid(fb8c4a61e65454344918e2360843dd0c) Importer(815301076,1909f56bfc062723c751e8b465ee728b)
Start importing Assets/Prefab/Missile.prefab using Guid(fb8c4a61e65454344918e2360843dd0c) Importer(815301076,1909f56bfc062723c751e8b465ee728b)  -> (artifact id: '423daac69559a3d639825f1c587bb0ef') in 0.017351 seconds 
========================================================================
Received Import Request.
  Time since last request: 0.850854 seconds.
  path: Assets/Prefab/Missile.prefab
  artifactKey: Guid(fb8c4a61e65454344918e2360843dd0c) Importer(815301076,1909f56bfc062723c751e8b465ee728b)
Start importing Assets/Prefab/Missile.prefab using Guid(fb8c4a61e65454344918e2360843dd0c) Importer(815301076,1909f56bfc062723c751e8b465ee728b)  -> (artifact id: 'b569e0d66a846cfe413a95cd1dd41000') in 0.025009 seconds 
========================================================================
Received Import Request.
  Time since last request: 202.383759 seconds.
  path: Assets/Animation/Enemy.controller
  artifactKey: Guid(f27af0e0b1729974287194501ea55387) Importer(815301076,1909f56bfc062723c751e8b465ee728b)
Start importing Assets/Animation/Enemy.controller using Guid(f27af0e0b1729974287194501ea55387) Importer(815301076,1909f56bfc062723c751e8b465ee728b)  -> (artifact id: '0291e17c8134cc0893afc95887edefc6') in 0.024577 seconds 
========================================================================
Received Import Request.
  Time since last request: 1.008997 seconds.
  path: Assets/Animation/Enemy 1.controller
  artifactKey: Guid(05e19e14bddfc95449962b9bb85f698d) Importer(815301076,1909f56bfc062723c751e8b465ee728b)
Start importing Assets/Animation/Enemy 1.controller using Guid(05e19e14bddfc95449962b9bb85f698d) Importer(815301076,1909f56bfc062723c751e8b465ee728b)  -> (artifact id: '58244c9fe7cb5519174d141506f6ca9a') in 0.011194 seconds 
========================================================================
Received Import Request.
  Time since last request: 8.708163 seconds.
  path: Assets/Animation/Enemy Range.controller
  artifactKey: Guid(05e19e14bddfc95449962b9bb85f698d) Importer(815301076,1909f56bfc062723c751e8b465ee728b)
Start importing Assets/Animation/Enemy Range.controller using Guid(05e19e14bddfc95449962b9bb85f698d) Importer(815301076,1909f56bfc062723c751e8b465ee728b)  -> (artifact id: '85b2e250b39b58a13e299fdd6f563d02') in 0.011022 seconds 
========================================================================
Received Import Request.
  Time since last request: 5.704948 seconds.
  path: Assets/Animation/Enemy Melee.controller
  artifactKey: Guid(f27af0e0b1729974287194501ea55387) Importer(815301076,1909f56bfc062723c751e8b465ee728b)
Start importing Assets/Animation/Enemy Melee.controller using Guid(f27af0e0b1729974287194501ea55387) Importer(815301076,1909f56bfc062723c751e8b465ee728b)  -> (artifact id: '5bfbbe980aaba2f4d4ccb0a762f966fa') in 0.011023 seconds 
========================================================================
Received Prepare
Registering precompiled user dll's ...
Registered in 0.006929 seconds.
Begin MonoManager ReloadAssembly
Native extension for WindowsStandalone target not found
Refreshing native plugins compatible for Editor in 1.45 ms, found 1 plugins.
Preloading 0 native plugins for Editor in 0.00 ms.
Mono: successfully reloaded assembly
- Completed reload, in  1.732 seconds
Platform modules already initialized, skipping
Refreshing native plugins compatible for Editor in 0.88 ms, found 1 plugins.
Preloading 0 native plugins for Editor in 0.00 ms.
Unloading 2707 Unused Serialized files (Serialized files now loaded: 0)
System memory in use before: 107.6 MB.
System memory in use after: 107.8 MB.

Unloading 12 unused Assets to reduce memory usage. Loaded Objects now: 3175.
Total: 2.867900 ms (FindLiveObjects: 0.267000 ms CreateObjectMapping: 0.076400 ms MarkObjects: 2.457200 ms  DeleteObjects: 0.065600 ms)

========================================================================
Received Prepare
Registering precompiled user dll's ...
Registered in 0.030212 seconds.
Begin MonoManager ReloadAssembly
Native extension for WindowsStandalone target not found
Refreshing native plugins compatible for Editor in 1.26 ms, found 1 plugins.
Preloading 0 native plugins for Editor in 0.00 ms.
Mono: successfully reloaded assembly
- Completed reload, in  1.495 seconds
Platform modules already initialized, skipping
Refreshing native plugins compatible for Editor in 0.57 ms, found 1 plugins.
Preloading 0 native plugins for Editor in 0.00 ms.
Unloading 2707 Unused Serialized files (Serialized files now loaded: 0)
System memory in use before: 107.7 MB.
System memory in use after: 107.9 MB.

Unloading 10 unused Assets to reduce memory usage. Loaded Objects now: 3178.
Total: 2.043200 ms (FindLiveObjects: 0.253500 ms CreateObjectMapping: 0.074100 ms MarkObjects: 1.663500 ms  DeleteObjects: 0.051000 ms)

========================================================================
Received Import Request.
  Time since last request: 431.741267 seconds.
  path: Assets/Prefab/Missile.prefab
  artifactKey: Guid(fb8c4a61e65454344918e2360843dd0c) Importer(815301076,1909f56bfc062723c751e8b465ee728b)
Start importing Assets/Prefab/Missile.prefab using Guid(fb8c4a61e65454344918e2360843dd0c) Importer(815301076,1909f56bfc062723c751e8b465ee728b)  -> (artifact id: '365942f768ca6850aebb81b37cbc6895') in 0.079613 seconds 
========================================================================
Received Import Request.
  Time since last request: 18.693740 seconds.
  path: Assets/Prefab/Missile.prefab
  artifactKey: Guid(fb8c4a61e65454344918e2360843dd0c) Importer(815301076,1909f56bfc062723c751e8b465ee728b)
Start importing Assets/Prefab/Missile.prefab using Guid(fb8c4a61e65454344918e2360843dd0c) Importer(815301076,1909f56bfc062723c751e8b465ee728b)  -> (artifact id: '121ed6cf998c57acd1b3fe4394b307c6') in 0.018480 seconds 
========================================================================
Received Import Request.
  Time since last request: 7.225218 seconds.
  path: Assets/Prefab/Missile.prefab
  artifactKey: Guid(fb8c4a61e65454344918e2360843dd0c) Importer(815301076,1909f56bfc062723c751e8b465ee728b)
Start importing Assets/Prefab/Missile.prefab using Guid(fb8c4a61e65454344918e2360843dd0c) Importer(815301076,1909f56bfc062723c751e8b465ee728b)  -> (artifact id: '03bb421f51b6b10d5b92edff655aee9b') in 0.017216 seconds 
========================================================================
Received Import Request.
  Time since last request: 20.219111 seconds.
  path: Assets/Prefab/Missile.prefab
  artifactKey: Guid(fb8c4a61e65454344918e2360843dd0c) Importer(815301076,1909f56bfc062723c751e8b465ee728b)
Start importing Assets/Prefab/Missile.prefab using Guid(fb8c4a61e65454344918e2360843dd0c) Importer(815301076,1909f56bfc062723c751e8b465ee728b)  -> (artifact id: '243830465088d43e8cefbdc3c0f7d18b') in 0.023635 seconds 
========================================================================
Received Import Request.
  Time since last request: 20.050099 seconds.
  path: ProjectSettings/TagManager.asset
  artifactKey: Guid(00000000000000003000000000000000) Importer(815301076,1909f56bfc062723c751e8b465ee728b)
Start importing ProjectSettings/TagManager.asset using Guid(00000000000000003000000000000000) Importer(815301076,1909f56bfc062723c751e8b465ee728b)  -> (artifact id: '3f1308f146ff051b1b109e52c943a4c6') in 0.005873 seconds 
========================================================================
Received Import Request.
  Time since last request: 33.013067 seconds.
  path: Assets/Prefab/Missile.prefab
  artifactKey: Guid(fb8c4a61e65454344918e2360843dd0c) Importer(815301076,1909f56bfc062723c751e8b465ee728b)
Start importing Assets/Prefab/Missile.prefab using Guid(fb8c4a61e65454344918e2360843dd0c) Importer(815301076,1909f56bfc062723c751e8b465ee728b)  -> (artifact id: '41fa796e6852fa680f2140b76da88047') in 0.016330 seconds 
========================================================================
Received Import Request.
  Time since last request: 2.866086 seconds.
  path: Assets/Prefab/Missile.prefab
  artifactKey: Guid(fb8c4a61e65454344918e2360843dd0c) Importer(815301076,1909f56bfc062723c751e8b465ee728b)
Start importing Assets/Prefab/Missile.prefab using Guid(fb8c4a61e65454344918e2360843dd0c) Importer(815301076,1909f56bfc062723c751e8b465ee728b)  -> (artifact id: 'b8f64769e28a9fadc05dfb065e0a3e06') in 0.015536 seconds 
AssetImportWorkerClient::OnTransportError - code=2 error=End of file
